2025-03-11 15:06:21,276 - INFO - MT5 connected: TerminalInfo(community_account=False, community_connection=False, connected=True, dlls_allowed=False, trade_allowed=True, tradeapi_disabled=False, email_enabled=False, ftp_enabled=False, notifications_enabled=False, mqid=False, build=4885, maxbars=100000, codepage=0, ping_last=741599, community_balance=0.0, retransmission=2.7441214501221207, company='MetaQuotes Ltd.', name='MetaTrader 5', language='English', path='C:\\Program Files\\MetaTrader 5', data_path='C:\\Users\\ayoel\\AppData\\Roaming\\MetaQuotes\\Terminal\\D0E8209F77C8CF37AD8BF550E51FF075', commondata_path='C:\\Users\\ayoel\\AppData\\Roaming\\MetaQuotes\\Terminal\\Common')
2025-03-11 15:06:21,276 - INFO - Account: 107018813 (Ava Trade Ltd.)
2025-03-11 15:06:21,277 - INFO - Balance: 5000.0 EUR
2025-03-11 15:06:21,277 - INFO - Starting trading bot for EURUSD...
2025-03-11 15:06:22,931 - INFO - Order placed successfully: 33356468
2025-03-11 15:06:22,944 - INFO - Active trades: 1, Signal strength: 1.00
2025-03-11 15:07:22,967 - ERROR - Order failed: AutoTrading disabled by client
2025-03-11 15:07:22,968 - INFO - Active trades: 1, Signal strength: 1.00
2025-03-11 15:08:22,990 - ERROR - Order failed: AutoTrading disabled by client
2025-03-11 15:08:22,990 - INFO - Active trades: 1, Signal strength: 1.00
2025-03-11 15:09:23,017 - ERROR - Order failed: AutoTrading disabled by client
2025-03-11 15:09:23,018 - INFO - Active trades: 1, Signal strength: 1.00
2025-03-11 15:10:25,047 - INFO - Order placed successfully: 33357195
2025-03-11 15:10:25,048 - INFO - Active trades: 2, Signal strength: 1.00
2025-03-11 15:11:25,141 - ERROR - Order failed: No money
2025-03-11 15:11:25,142 - INFO - Active trades: 2, Signal strength: 1.00
2025-03-11 15:12:26,381 - INFO - Order placed successfully: 33357443
2025-03-11 15:12:26,383 - INFO - Active trades: 2, Signal strength: 1.00
2025-03-11 15:13:26,422 - ERROR - Order failed: No money
2025-03-11 15:13:26,424 - INFO - Active trades: 2, Signal strength: 1.00
2025-03-11 15:14:26,467 - ERROR - Order failed: No money
2025-03-11 15:14:26,468 - INFO - Active trades: 2, Signal strength: 1.00
2025-03-11 15:15:26,509 - ERROR - Order failed: No money
2025-03-11 15:15:26,511 - INFO - Active trades: 2, Signal strength: 1.00
2025-03-11 15:16:26,540 - ERROR - Order failed: No money
2025-03-11 15:16:26,541 - INFO - Active trades: 2, Signal strength: 1.00
2025-03-11 15:17:26,563 - ERROR - Order failed: No money
2025-03-11 15:17:26,563 - INFO - Active trades: 2, Signal strength: 1.00
2025-03-11 15:18:28,410 - INFO - Order placed successfully: 33358178
2025-03-11 15:18:28,411 - INFO - Active trades: 2, Signal strength: 1.00
2025-03-11 15:19:28,446 - ERROR - Order failed: No money
2025-03-11 15:19:28,449 - INFO - Active trades: 2, Signal strength: 1.00
2025-03-11 15:19:35,774 - INFO - Bot stopped manually
2025-03-11 15:19:38,069 - INFO - Bot shutdown complete
2025-03-11 15:25:29,920 - INFO - MT5 connected: TerminalInfo(community_account=False, community_connection=False, connected=True, dlls_allowed=False, trade_allowed=True, tradeapi_disabled=False, email_enabled=False, ftp_enabled=False, notifications_enabled=False, mqid=False, build=4885, maxbars=100000, codepage=0, ping_last=741599, community_balance=0.0, retransmission=2.381006295004755, company='MetaQuotes Ltd.', name='MetaTrader 5', language='English', path='C:\\Program Files\\MetaTrader 5', data_path='C:\\Users\\ayoel\\AppData\\Roaming\\MetaQuotes\\Terminal\\D0E8209F77C8CF37AD8BF550E51FF075', commondata_path='C:\\Users\\ayoel\\AppData\\Roaming\\MetaQuotes\\Terminal\\Common')
2025-03-11 15:25:29,983 - INFO - Account: 107018813 (Ava Trade Ltd.)
2025-03-11 15:25:29,984 - INFO - Balance: 4945.18 EUR
2025-03-11 15:25:29,985 - INFO - Starting trading bot for EURUSD...
2025-03-11 15:25:31,267 - INFO - Order placed successfully: 33358814
2025-03-11 15:25:31,268 - INFO - Active trades: 1, Signal strength: 1.00
2025-03-11 15:25:58,875 - INFO - Bot stopped manually
2025-03-11 15:26:00,119 - INFO - Bot shutdown complete
2025-03-11 15:37:56,225 - INFO - MT5 connected: TerminalInfo(community_account=False, community_connection=False, connected=True, dlls_allowed=False, trade_allowed=True, tradeapi_disabled=False, email_enabled=False, ftp_enabled=False, notifications_enabled=False, mqid=False, build=4885, maxbars=100000, codepage=0, ping_last=741599, community_balance=0.0, retransmission=2.926063053966117, company='MetaQuotes Ltd.', name='MetaTrader 5', language='English', path='C:\\Program Files\\MetaTrader 5', data_path='C:\\Users\\ayoel\\AppData\\Roaming\\MetaQuotes\\Terminal\\D0E8209F77C8CF37AD8BF550E51FF075', commondata_path='C:\\Users\\ayoel\\AppData\\Roaming\\MetaQuotes\\Terminal\\Common')
2025-03-11 15:37:56,226 - INFO - Account: 107018813 (Ava Trade Ltd.)
2025-03-11 15:37:56,227 - INFO - Balance: 4945.37 EUR
2025-03-11 15:37:56,227 - INFO - Starting trading bot for EURUSD...
2025-03-11 15:37:57,565 - INFO - Order placed successfully: 33360308
2025-03-11 15:37:57,566 - INFO - Active trades: 1, Signal strength: 1.00
2025-03-11 15:38:58,872 - INFO - Order placed successfully: 33360460
2025-03-11 15:38:58,884 - INFO - Active trades: 2, Signal strength: 1.00
2025-03-11 15:39:58,937 - INFO - Maximum number of trades reached
2025-03-11 15:39:58,941 - INFO - Active trades: 2, Signal strength: 1.00
2025-03-11 15:40:58,975 - INFO - Maximum number of trades reached
2025-03-11 15:40:58,976 - INFO - Active trades: 2, Signal strength: 1.00
2025-03-11 15:41:59,040 - INFO - Maximum number of trades reached
2025-03-11 15:41:59,054 - INFO - Active trades: 2, Signal strength: 1.00
2025-03-11 15:42:59,215 - INFO - Maximum number of trades reached
2025-03-11 15:42:59,216 - INFO - Active trades: 2, Signal strength: 1.00
2025-03-11 15:43:59,259 - INFO - Maximum number of trades reached
2025-03-11 15:43:59,259 - INFO - Active trades: 2, Signal strength: 1.00
2025-03-11 15:44:59,305 - INFO - Maximum number of trades reached
2025-03-11 15:44:59,306 - INFO - Active trades: 2, Signal strength: 1.00
2025-03-11 15:45:59,331 - INFO - Maximum number of trades reached
2025-03-11 15:45:59,331 - INFO - Active trades: 2, Signal strength: 1.00
2025-03-11 15:46:16,268 - INFO - Bot stopped manually
2025-03-11 15:46:18,866 - INFO - Bot shutdown complete
2025-03-11 15:46:44,758 - INFO - MT5 connected: TerminalInfo(community_account=False, community_connection=False, connected=True, dlls_allowed=False, trade_allowed=True, tradeapi_disabled=False, email_enabled=False, ftp_enabled=False, notifications_enabled=False, mqid=False, build=4885, maxbars=100000, codepage=0, ping_last=741599, community_balance=0.0, retransmission=4.859445457162045, company='MetaQuotes Ltd.', name='MetaTrader 5', language='English', path='C:\\Program Files\\MetaTrader 5', data_path='C:\\Users\\ayoel\\AppData\\Roaming\\MetaQuotes\\Terminal\\D0E8209F77C8CF37AD8BF550E51FF075', commondata_path='C:\\Users\\ayoel\\AppData\\Roaming\\MetaQuotes\\Terminal\\Common')
2025-03-11 15:46:44,758 - INFO - Account: 107018813 (Ava Trade Ltd.)
2025-03-11 15:46:44,759 - INFO - Balance: 4948.78 EUR
2025-03-11 15:46:44,760 - INFO - Starting trading bot for EURUSD...
2025-03-11 15:46:46,424 - INFO - Order placed successfully: 33361533
2025-03-11 15:46:46,427 - INFO - Active trades: 1, Signal strength: 1.00
2025-03-11 15:47:49,709 - INFO - Order placed successfully: 33361704
2025-03-11 15:47:49,713 - INFO - Active trades: 2, Signal strength: 1.00
2025-03-11 15:48:16,315 - INFO - Bot stopped manually
2025-03-11 15:48:19,330 - INFO - Bot shutdown complete
2025-03-11 16:23:23,511 - INFO - MT5 connected: TerminalInfo(community_account=False, community_connection=False, connected=True, dlls_allowed=False, trade_allowed=True, tradeapi_disabled=False, email_enabled=False, ftp_enabled=False, notifications_enabled=False, mqid=False, build=4885, maxbars=100000, codepage=0, ping_last=741599, community_balance=0.0, retransmission=3.0300199302441455, company='MetaQuotes Ltd.', name='MetaTrader 5', language='English', path='C:\\Program Files\\MetaTrader 5', data_path='C:\\Users\\ayoel\\AppData\\Roaming\\MetaQuotes\\Terminal\\D0E8209F77C8CF37AD8BF550E51FF075', commondata_path='C:\\Users\\ayoel\\AppData\\Roaming\\MetaQuotes\\Terminal\\Common')
2025-03-11 16:23:23,513 - INFO - Account: 107018813 (Ava Trade Ltd.)
2025-03-11 16:23:23,514 - INFO - Balance: 4948.78 EUR
2025-03-11 16:23:23,514 - INFO - Starting trading bot for EURUSD...
2025-03-11 16:23:25,142 - INFO - Order placed successfully: 33364971
2025-03-11 16:23:25,145 - INFO - Active trades: 1, Signal strength: 1.00
2025-03-11 16:24:26,372 - INFO - Order placed successfully: 33365024
2025-03-11 16:24:26,373 - INFO - Active trades: 2, Signal strength: 1.00
2025-03-11 16:25:26,395 - INFO - Maximum number of trades reached
2025-03-11 16:25:26,395 - INFO - Active trades: 2, Signal strength: 1.00
2025-03-11 16:26:26,417 - INFO - Maximum number of trades reached
2025-03-11 16:26:26,417 - INFO - Active trades: 2, Signal strength: 1.00
2025-03-11 16:27:26,454 - INFO - Maximum number of trades reached
2025-03-11 16:27:26,456 - INFO - Active trades: 2, Signal strength: 1.00
2025-03-11 16:28:26,481 - INFO - Maximum number of trades reached
2025-03-11 16:28:26,482 - INFO - Active trades: 2, Signal strength: 1.00
2025-03-11 16:29:26,502 - INFO - Maximum number of trades reached
2025-03-11 16:29:26,503 - INFO - Active trades: 2, Signal strength: 1.00
2025-03-11 16:30:26,522 - INFO - Maximum number of trades reached
2025-03-11 16:30:26,523 - INFO - Active trades: 2, Signal strength: 1.00
2025-03-11 16:31:26,544 - INFO - Maximum number of trades reached
2025-03-11 16:31:26,545 - INFO - Active trades: 2, Signal strength: 1.00
2025-03-11 16:32:26,587 - INFO - Maximum number of trades reached
2025-03-11 16:32:26,747 - INFO - Active trades: 2, Signal strength: 1.00
2025-03-11 16:33:26,812 - INFO - Maximum number of trades reached
2025-03-11 16:33:26,812 - INFO - Active trades: 2, Signal strength: 1.00
2025-03-11 16:34:26,834 - INFO - Maximum number of trades reached
2025-03-11 16:34:26,835 - INFO - Active trades: 2, Signal strength: 1.00
2025-03-11 16:34:40,170 - INFO - Bot stopped manually
2025-03-11 16:34:42,441 - INFO - Bot shutdown complete
2025-03-11 16:39:13,977 - INFO - MT5 connected: TerminalInfo(community_account=False, community_connection=False, connected=True, dlls_allowed=False, trade_allowed=True, tradeapi_disabled=False, email_enabled=False, ftp_enabled=False, notifications_enabled=False, mqid=False, build=4885, maxbars=100000, codepage=0, ping_last=741599, community_balance=0.0, retransmission=6.749113943141542, company='MetaQuotes Ltd.', name='MetaTrader 5', language='English', path='C:\\Program Files\\MetaTrader 5', data_path='C:\\Users\\ayoel\\AppData\\Roaming\\MetaQuotes\\Terminal\\D0E8209F77C8CF37AD8BF550E51FF075', commondata_path='C:\\Users\\ayoel\\AppData\\Roaming\\MetaQuotes\\Terminal\\Common')
2025-03-11 16:39:13,978 - INFO - Account: 107018813 (Ava Trade Ltd.)
2025-03-11 16:39:13,980 - INFO - Balance: 4928.63 EUR
2025-03-11 16:39:13,981 - INFO - Starting trading bot for EURUSD...
2025-03-11 16:39:15,184 - INFO - Order placed successfully: 33366056
2025-03-11 16:39:15,186 - INFO - Active trades: 1, Signal strength: 1.00
2025-03-11 16:40:16,489 - INFO - Order placed successfully: 33366099
2025-03-11 16:40:16,490 - INFO - Active trades: 2, Signal strength: 1.00
2025-03-11 16:41:16,519 - INFO - Maximum number of trades reached
2025-03-11 16:41:16,520 - INFO - Active trades: 2, Signal strength: 1.00
2025-03-11 16:42:16,566 - INFO - Maximum number of trades reached
2025-03-11 16:42:16,567 - INFO - Active trades: 2, Signal strength: 1.00
2025-03-11 16:43:16,617 - INFO - Maximum number of trades reached
2025-03-11 16:43:16,618 - INFO - Active trades: 2, Signal strength: 1.00
2025-03-11 16:44:16,653 - INFO - Maximum number of trades reached
2025-03-11 16:44:16,716 - INFO - Active trades: 2, Signal strength: 1.00
2025-03-11 16:45:16,826 - INFO - Maximum number of trades reached
2025-03-11 16:45:16,827 - INFO - Active trades: 2, Signal strength: 1.00
2025-03-11 16:46:16,867 - INFO - Maximum number of trades reached
2025-03-11 16:46:16,868 - INFO - Active trades: 2, Signal strength: 1.00
2025-03-11 16:47:16,913 - INFO - Maximum number of trades reached
2025-03-11 16:47:16,913 - INFO - Active trades: 2, Signal strength: 1.00
2025-03-11 16:48:16,949 - INFO - Maximum number of trades reached
2025-03-11 16:48:16,950 - INFO - Active trades: 2, Signal strength: 1.00
2025-03-11 16:49:16,984 - INFO - Maximum number of trades reached
2025-03-11 16:49:16,995 - INFO - Active trades: 2, Signal strength: 1.00
2025-03-11 16:50:17,128 - INFO - Maximum number of trades reached
2025-03-11 16:50:17,130 - INFO - Active trades: 2, Signal strength: 1.00
2025-03-11 16:51:17,160 - INFO - Maximum number of trades reached
2025-03-11 16:51:17,161 - INFO - Active trades: 2, Signal strength: 1.00
2025-03-11 16:52:17,207 - INFO - Maximum number of trades reached
2025-03-11 16:52:17,218 - INFO - Active trades: 2, Signal strength: 1.00
2025-03-11 16:53:17,257 - INFO - Maximum number of trades reached
2025-03-11 16:53:17,258 - INFO - Active trades: 2, Signal strength: 1.00
2025-03-11 16:54:17,283 - INFO - Maximum number of trades reached
2025-03-11 16:54:17,284 - INFO - Active trades: 2, Signal strength: 1.00
2025-03-11 16:55:17,317 - INFO - Maximum number of trades reached
2025-03-11 16:55:17,377 - INFO - Active trades: 2, Signal strength: 1.00
2025-03-11 16:56:17,565 - INFO - Maximum number of trades reached
2025-03-11 16:56:17,565 - INFO - Active trades: 2, Signal strength: 1.00
2025-03-11 16:57:17,649 - INFO - Maximum number of trades reached
2025-03-11 16:57:17,650 - INFO - Active trades: 2, Signal strength: 1.00
2025-03-11 16:58:17,691 - INFO - Maximum number of trades reached
2025-03-11 16:58:17,692 - INFO - Active trades: 2, Signal strength: 1.00
2025-03-11 16:59:18,919 - INFO - Order placed successfully: 33367259
2025-03-11 16:59:18,923 - INFO - Active trades: 1, Signal strength: 1.00
2025-03-11 17:00:20,116 - INFO - Order placed successfully: 33367323
2025-03-11 17:00:20,118 - INFO - Active trades: 2, Signal strength: 1.00
2025-03-11 17:01:20,157 - INFO - Maximum number of trades reached
2025-03-11 17:01:20,158 - INFO - Active trades: 2, Signal strength: 1.00
2025-03-11 17:02:20,183 - INFO - Maximum number of trades reached
2025-03-11 17:02:20,184 - INFO - Active trades: 2, Signal strength: 1.00
2025-03-11 17:03:20,203 - INFO - Maximum number of trades reached
2025-03-11 17:03:20,203 - INFO - Active trades: 2, Signal strength: 1.00
2025-03-11 17:04:20,236 - INFO - Maximum number of trades reached
2025-03-11 17:04:20,237 - INFO - Active trades: 2, Signal strength: 1.00
2025-03-11 17:05:20,255 - INFO - Maximum number of trades reached
2025-03-11 17:05:20,257 - INFO - Active trades: 2, Signal strength: 1.00
2025-03-11 17:06:20,299 - INFO - Maximum number of trades reached
2025-03-11 17:06:20,300 - INFO - Active trades: 2, Signal strength: 1.00
2025-03-11 17:07:20,324 - INFO - Maximum number of trades reached
2025-03-11 17:07:20,325 - INFO - Active trades: 2, Signal strength: 1.00
2025-03-11 17:08:20,365 - INFO - Maximum number of trades reached
2025-03-11 17:08:20,366 - INFO - Active trades: 2, Signal strength: 1.00
2025-03-11 17:09:20,399 - INFO - Maximum number of trades reached
2025-03-11 17:09:20,400 - INFO - Active trades: 2, Signal strength: 1.00
2025-03-11 17:10:20,493 - INFO - Maximum number of trades reached
2025-03-11 17:10:20,495 - INFO - Active trades: 2, Signal strength: 1.00
2025-03-11 17:11:20,524 - INFO - Maximum number of trades reached
2025-03-11 17:11:20,524 - INFO - Active trades: 2, Signal strength: 1.00
2025-03-11 17:12:20,560 - INFO - Maximum number of trades reached
2025-03-11 17:12:20,563 - INFO - Active trades: 2, Signal strength: 1.00
2025-03-11 17:13:20,631 - INFO - Maximum number of trades reached
2025-03-11 17:13:20,632 - INFO - Active trades: 2, Signal strength: 1.00
2025-03-11 17:14:20,658 - INFO - Maximum number of trades reached
2025-03-11 17:14:20,659 - INFO - Active trades: 2, Signal strength: 1.00
2025-03-11 17:15:20,722 - INFO - Maximum number of trades reached
2025-03-11 17:15:20,723 - INFO - Active trades: 2, Signal strength: 1.00
2025-03-11 17:16:20,751 - INFO - Maximum number of trades reached
2025-03-11 17:16:20,753 - INFO - Active trades: 2, Signal strength: 1.00
2025-03-11 17:17:20,774 - INFO - Maximum number of trades reached
2025-03-11 17:17:20,777 - INFO - Active trades: 2, Signal strength: 1.00
2025-03-11 17:18:20,796 - INFO - Maximum number of trades reached
2025-03-11 17:18:20,796 - INFO - Active trades: 2, Signal strength: 1.00
2025-03-11 17:19:20,830 - INFO - Maximum number of trades reached
2025-03-11 17:19:20,831 - INFO - Active trades: 2, Signal strength: 1.00
2025-03-11 17:20:20,852 - INFO - Maximum number of trades reached
2025-03-11 17:20:20,853 - INFO - Active trades: 2, Signal strength: 1.00
2025-03-11 17:21:20,878 - INFO - Maximum number of trades reached
2025-03-11 17:21:20,879 - INFO - Active trades: 2, Signal strength: 1.00
2025-03-11 17:22:20,907 - INFO - Maximum number of trades reached
2025-03-11 17:22:20,908 - INFO - Active trades: 2, Signal strength: 1.00
2025-03-11 17:23:20,927 - INFO - Maximum number of trades reached
2025-03-11 17:23:20,928 - INFO - Active trades: 2, Signal strength: 1.00
2025-03-11 17:24:20,950 - INFO - Maximum number of trades reached
2025-03-11 17:24:20,951 - INFO - Active trades: 2, Signal strength: 1.00
2025-03-11 17:25:20,981 - INFO - Maximum number of trades reached
2025-03-11 17:25:20,981 - INFO - Active trades: 2, Signal strength: 1.00
2025-03-11 17:26:21,012 - INFO - Maximum number of trades reached
2025-03-11 17:26:21,012 - INFO - Active trades: 2, Signal strength: 1.00
2025-03-11 17:27:21,050 - INFO - Maximum number of trades reached
2025-03-11 17:27:21,269 - INFO - Active trades: 2, Signal strength: 1.00
2025-03-11 17:28:21,382 - INFO - Maximum number of trades reached
2025-03-11 17:28:21,418 - INFO - Active trades: 2, Signal strength: 1.00
2025-03-11 17:29:21,448 - INFO - Maximum number of trades reached
2025-03-11 17:29:21,449 - INFO - Active trades: 2, Signal strength: 1.00
2025-03-11 17:30:21,471 - INFO - Maximum number of trades reached
2025-03-11 17:30:21,472 - INFO - Active trades: 2, Signal strength: 1.00
2025-03-11 17:31:21,498 - INFO - Maximum number of trades reached
2025-03-11 17:31:21,499 - INFO - Active trades: 2, Signal strength: 1.00
2025-03-11 17:32:21,518 - INFO - Maximum number of trades reached
2025-03-11 17:32:21,518 - INFO - Active trades: 2, Signal strength: 1.00
2025-03-11 17:33:21,540 - INFO - Maximum number of trades reached
2025-03-11 17:33:21,540 - INFO - Active trades: 2, Signal strength: 1.00
2025-03-11 17:34:21,559 - INFO - Maximum number of trades reached
2025-03-11 17:34:21,560 - INFO - Active trades: 2, Signal strength: 1.00
2025-03-11 17:35:21,585 - INFO - Maximum number of trades reached
2025-03-11 17:35:21,585 - INFO - Active trades: 2, Signal strength: 1.00
2025-03-11 17:36:21,605 - INFO - Maximum number of trades reached
2025-03-11 17:36:21,606 - INFO - Active trades: 2, Signal strength: 1.00
2025-03-11 17:37:21,648 - INFO - Maximum number of trades reached
2025-03-11 17:37:21,649 - INFO - Active trades: 2, Signal strength: 1.00
2025-03-11 17:38:21,693 - INFO - Maximum number of trades reached
2025-03-11 17:38:21,746 - INFO - Active trades: 2, Signal strength: 1.00
2025-03-11 17:39:21,766 - INFO - Maximum number of trades reached
2025-03-11 17:39:21,767 - INFO - Active trades: 2, Signal strength: 1.00
2025-03-11 17:40:21,822 - INFO - Maximum number of trades reached
2025-03-11 17:40:21,901 - INFO - Active trades: 2, Signal strength: 1.00
2025-03-11 17:41:21,927 - INFO - Maximum number of trades reached
2025-03-11 17:41:21,929 - INFO - Active trades: 2, Signal strength: 1.00
2025-03-11 17:42:21,979 - INFO - Maximum number of trades reached
2025-03-11 17:42:21,991 - INFO - Active trades: 2, Signal strength: 1.00
2025-03-11 17:42:27,111 - INFO - Bot stopped manually
2025-03-11 17:44:29,542 - INFO - MT5 connected: TerminalInfo(community_account=False, community_connection=False, connected=True, dlls_allowed=False, trade_allowed=True, tradeapi_disabled=False, email_enabled=False, ftp_enabled=False, notifications_enabled=False, mqid=False, build=4885, maxbars=100000, codepage=0, ping_last=180277, community_balance=0.0, retransmission=0.0, company='MetaQuotes Ltd.', name='MetaTrader 5', language='English', path='C:\\Program Files\\MetaTrader 5', data_path='C:\\Users\\ayoel\\AppData\\Roaming\\MetaQuotes\\Terminal\\D0E8209F77C8CF37AD8BF550E51FF075', commondata_path='C:\\Users\\ayoel\\AppData\\Roaming\\MetaQuotes\\Terminal\\Common')
2025-03-11 17:44:29,545 - INFO - Account: 107018813 (Ava Trade Ltd.)
2025-03-11 17:44:29,546 - INFO - Balance: 4929.72 EUR
2025-03-11 17:44:29,547 - INFO - Starting trading bot for EURUSD...
2025-03-11 17:44:29,640 - INFO - Maximum number of trades reached
2025-03-11 17:44:29,641 - INFO - Active trades: 2, Signal strength: 1.00
2025-03-11 17:45:29,697 - ERROR - Error in main loop: float division by zero
2025-03-11 17:46:29,735 - ERROR - Error in main loop: float division by zero
2025-03-11 17:47:17,473 - INFO - Bot stopped manually
2025-03-11 17:47:17,475 - INFO - Bot shutdown complete
2025-03-11 17:47:25,448 - INFO - MT5 connected: TerminalInfo(community_account=False, community_connection=False, connected=True, dlls_allowed=False, trade_allowed=True, tradeapi_disabled=False, email_enabled=False, ftp_enabled=False, notifications_enabled=False, mqid=False, build=4885, maxbars=100000, codepage=0, ping_last=180277, community_balance=0.0, retransmission=4.740433828905679, company='MetaQuotes Ltd.', name='MetaTrader 5', language='English', path='C:\\Program Files\\MetaTrader 5', data_path='C:\\Users\\ayoel\\AppData\\Roaming\\MetaQuotes\\Terminal\\D0E8209F77C8CF37AD8BF550E51FF075', commondata_path='C:\\Users\\ayoel\\AppData\\Roaming\\MetaQuotes\\Terminal\\Common')
2025-03-11 17:47:25,449 - INFO - Account: 107018813 (Ava Trade Ltd.)
2025-03-11 17:47:25,449 - INFO - Balance: 4929.75 EUR
2025-03-11 17:47:25,450 - INFO - Starting trading bot for EURUSD...
2025-03-11 17:47:26,017 - INFO - Order placed successfully: 33370220
2025-03-11 17:47:26,018 - INFO - Active trades: 1, Signal strength: 1.00
2025-03-11 17:48:00,769 - INFO - Bot stopped manually
2025-03-11 17:48:01,314 - INFO - Bot shutdown complete
2025-03-11 17:48:12,764 - INFO - MT5 connected: TerminalInfo(community_account=False, community_connection=False, connected=True, dlls_allowed=False, trade_allowed=True, tradeapi_disabled=False, email_enabled=False, ftp_enabled=False, notifications_enabled=False, mqid=False, build=4885, maxbars=100000, codepage=0, ping_last=180277, community_balance=0.0, retransmission=4.740433828905679, company='MetaQuotes Ltd.', name='MetaTrader 5', language='English', path='C:\\Program Files\\MetaTrader 5', data_path='C:\\Users\\ayoel\\AppData\\Roaming\\MetaQuotes\\Terminal\\D0E8209F77C8CF37AD8BF550E51FF075', commondata_path='C:\\Users\\ayoel\\AppData\\Roaming\\MetaQuotes\\Terminal\\Common')
2025-03-11 17:48:12,764 - INFO - Account: 107018813 (Ava Trade Ltd.)
2025-03-11 17:48:12,766 - INFO - Balance: 4929.2 EUR
2025-03-11 17:48:12,766 - INFO - Starting trading bot for EURUSD...
2025-03-11 17:48:13,350 - INFO - Order placed successfully: 33370250
2025-03-11 17:48:13,351 - INFO - Active trades: 1, Signal strength: 1.00
2025-03-11 17:49:02,645 - INFO - Bot stopped manually
2025-03-11 17:49:03,168 - INFO - Bot shutdown complete
2025-03-11 17:49:08,309 - INFO - MT5 connected: TerminalInfo(community_account=False, community_connection=False, connected=True, dlls_allowed=False, trade_allowed=True, tradeapi_disabled=False, email_enabled=False, ftp_enabled=False, notifications_enabled=False, mqid=False, build=4885, maxbars=100000, codepage=0, ping_last=180277, community_balance=0.0, retransmission=4.740433828905679, company='MetaQuotes Ltd.', name='MetaTrader 5', language='English', path='C:\\Program Files\\MetaTrader 5', data_path='C:\\Users\\ayoel\\AppData\\Roaming\\MetaQuotes\\Terminal\\D0E8209F77C8CF37AD8BF550E51FF075', commondata_path='C:\\Users\\ayoel\\AppData\\Roaming\\MetaQuotes\\Terminal\\Common')
2025-03-11 17:49:08,309 - INFO - Account: 107018813 (Ava Trade Ltd.)
2025-03-11 17:49:08,310 - INFO - Balance: 4928.78 EUR
2025-03-11 17:49:08,310 - INFO - Starting trading bot for EURUSD...
2025-03-11 17:49:08,867 - INFO - Order placed successfully: 33370356
2025-03-11 17:49:08,869 - INFO - Active trades: 1, Signal strength: 0.60
2025-03-11 17:50:09,396 - INFO - Order placed successfully: 33370393
2025-03-11 17:50:09,397 - INFO - Active trades: 2, Signal strength: 1.00
2025-03-11 17:51:09,416 - INFO - Maximum number of trades reached
2025-03-11 17:51:09,417 - INFO - Active trades: 2, Signal strength: 1.00
2025-03-11 17:52:09,446 - INFO - Maximum number of trades reached
2025-03-11 17:52:09,450 - INFO - Active trades: 2, Signal strength: 1.00
2025-03-11 17:52:47,754 - INFO - Bot stopped manually
2025-03-11 17:52:48,834 - INFO - Bot shutdown complete
2025-03-11 17:52:52,539 - INFO - MT5 connected: TerminalInfo(community_account=False, community_connection=False, connected=True, dlls_allowed=False, trade_allowed=True, tradeapi_disabled=False, email_enabled=False, ftp_enabled=False, notifications_enabled=False, mqid=False, build=4885, maxbars=100000, codepage=0, ping_last=180277, community_balance=0.0, retransmission=7.459578637922587, company='MetaQuotes Ltd.', name='MetaTrader 5', language='English', path='C:\\Program Files\\MetaTrader 5', data_path='C:\\Users\\ayoel\\AppData\\Roaming\\MetaQuotes\\Terminal\\D0E8209F77C8CF37AD8BF550E51FF075', commondata_path='C:\\Users\\ayoel\\AppData\\Roaming\\MetaQuotes\\Terminal\\Common')
2025-03-11 17:52:52,540 - INFO - Account: 107018813 (Ava Trade Ltd.)
2025-03-11 17:52:52,540 - INFO - Balance: 4929.96 EUR
2025-03-11 17:52:52,541 - INFO - Starting trading bot for EURUSD...
2025-03-11 17:52:52,566 - ERROR - Error in main loop: 'float' object is not iterable
2025-03-11 17:52:54,812 - INFO - Bot stopped manually
2025-03-11 17:52:54,813 - INFO - Bot shutdown complete
2025-03-11 17:53:27,178 - INFO - MT5 connected: TerminalInfo(community_account=False, community_connection=False, connected=True, dlls_allowed=False, trade_allowed=True, tradeapi_disabled=False, email_enabled=False, ftp_enabled=False, notifications_enabled=False, mqid=False, build=4885, maxbars=100000, codepage=0, ping_last=180277, community_balance=0.0, retransmission=7.459578637922587, company='MetaQuotes Ltd.', name='MetaTrader 5', language='English', path='C:\\Program Files\\MetaTrader 5', data_path='C:\\Users\\ayoel\\AppData\\Roaming\\MetaQuotes\\Terminal\\D0E8209F77C8CF37AD8BF550E51FF075', commondata_path='C:\\Users\\ayoel\\AppData\\Roaming\\MetaQuotes\\Terminal\\Common')
2025-03-11 17:53:27,179 - INFO - Account: 107018813 (Ava Trade Ltd.)
2025-03-11 17:53:27,180 - INFO - Balance: 4929.96 EUR
2025-03-11 17:53:27,180 - INFO - Starting trading bot for EURUSD...
2025-03-11 17:53:27,723 - INFO - Order placed successfully: 33370601
2025-03-11 17:53:27,725 - INFO - Active trades: 1, Signal strength: 1.00
2025-03-11 17:54:28,265 - INFO - Order placed successfully: 33370712
2025-03-11 17:54:28,266 - INFO - Active trades: 2, Signal strength: 1.00
2025-03-11 17:54:46,821 - INFO - Bot stopped manually
2025-03-11 17:54:47,852 - INFO - Bot shutdown complete
